[debug] [2018-04-07T22:35:11.027Z] ----------------------------------------------------------------------
[debug] [2018-04-07T22:35:11.027Z] Command:       C:\Program Files\nodejs\node.exe C:\Users\benge\AppData\Roaming\npm\node_modules\firebase-tools\bin\firebase serve
[debug] [2018-04-07T22:35:11.027Z] CLI Version:   3.18.2
[debug] [2018-04-07T22:35:11.027Z] Platform:      win32
[debug] [2018-04-07T22:35:11.027Z] Node Version:  v6.9.2
[debug] [2018-04-07T22:35:11.027Z] Time:          Sat Apr 07 2018 18:35:11 GMT-0400 (Eastern Daylight Time)
[debug] [2018-04-07T22:35:11.027Z] ----------------------------------------------------------------------
[debug] 
[debug] [2018-04-07T22:35:11.100Z] > command requires scopes: ["email","openid","https://www.googleapis.com/auth/cloudplatformprojects.readonly","https://www.googleapis.com/auth/firebase","https://www.googleapis.com/auth/cloud-platform"]
[debug] [2018-04-07T22:35:11.100Z] > authorizing via signed-in user
[debug] [2018-04-07T22:35:11.100Z] > refreshing access token with scopes: ["email","https://www.googleapis.com/auth/cloud-platform","https://www.googleapis.com/auth/cloudplatformprojects.readonly","https://www.googleapis.com/auth/firebase","openid"]
[debug] [2018-04-07T22:35:11.100Z] >>> HTTP REQUEST POST https://www.googleapis.com/oauth2/v3/token  
 { refresh_token: '1/eF-C2ngwnViYEJy36U1xw8xG5VFoY_IIFbL9g0N_al2ofnbB67nreyBsRcv2AXV0',
  client_id: '563584335869-fgrhgmd47bqnekij5i8b5pr03ho849e6.apps.googleusercontent.com',
  client_secret: 'j9iVZfS8kkCEFUPaAeJV0sAi',
  grant_type: 'refresh_token',
  scope: 'email https://www.googleapis.com/auth/cloud-platform https://www.googleapis.com/auth/cloudplatformprojects.readonly https://www.googleapis.com/auth/firebase openid' } 
 Sat Apr 07 2018 18:35:11 GMT-0400 (Eastern Daylight Time)
[debug] [2018-04-07T22:35:11.330Z] <<< HTTP RESPONSE 200
[debug] [2018-04-07T22:35:11.377Z] >>> HTTP REQUEST GET https://admin.firebase.com/v1/projects/hgw-greekfeed  
  
 Sat Apr 07 2018 18:35:11 GMT-0400 (Eastern Daylight Time)
[debug] [2018-04-07T22:35:11.664Z] <<< HTTP RESPONSE 200
[debug] [2018-04-07T22:35:11.664Z] >>> HTTP REQUEST GET https://admin.firebase.com/v1/database/hgw-greekfeed/tokens  
  
 Sat Apr 07 2018 18:35:11 GMT-0400 (Eastern Daylight Time)
[debug] [2018-04-07T22:35:12.035Z] <<< HTTP RESPONSE 200
[debug] [2018-04-07T22:35:12.035Z] >>> HTTP REQUEST GET https://cloudresourcemanager.googleapis.com/v1/projects/hgw-greekfeed  
  
 Sat Apr 07 2018 18:35:12 GMT-0400 (Eastern Daylight Time)
[debug] [2018-04-07T22:35:12.225Z] <<< HTTP RESPONSE 200
[info] 
[info] === Serving from 'C:\Users\benge\Desktop\GreekFeeds'...
[info] 
[info] i  functions: Preparing to emulate functions.
[debug] [2018-04-07T22:35:24.202Z] Fetching environment
[debug] [2018-04-07T22:35:24.202Z] >>> HTTP REQUEST GET https://mobilesdk-pa.googleapis.com/v1/projects/366684201737:getServerAppConfig  
  
 Sat Apr 07 2018 18:35:24 GMT-0400 (Eastern Daylight Time)
[debug] [2018-04-07T22:35:24.218Z] >>> HTTP REQUEST GET https://mobilesdk-pa.googleapis.com/v1/projects/366684201737/clients/_:getWebAppConfig  
  
 Sat Apr 07 2018 18:35:24 GMT-0400 (Eastern Daylight Time)
[debug] [2018-04-07T22:35:24.473Z] <<< HTTP RESPONSE 200
[debug] [2018-04-07T22:35:24.661Z] <<< HTTP RESPONSE 200
[debug] [2018-04-07T22:35:24.661Z] Starting @google-cloud/functions-emulator
[info] i  hosting: Serving hosting files from: public
[info] +  hosting: Local server: http://localhost:5000

[warn] !  functions: Error from emulator. Error: Emulator crashed! Check the log file...
[debug] [2018-04-07T22:35:25.327Z] Error: Emulator crashed! Check the log file...
    at ChildProcess.child.on (C:\Users\benge\AppData\Roaming\npm\node_modules\firebase-tools\node_modules\@google-cloud\functions-emulator\src\cli\controller.js:650:24)
    at emitTwo (events.js:106:13)
    at ChildProcess.emit (events.js:191:7)
    at Process.ChildProcess._handle.onexit (internal/child_process.js:215:12)
[debug] [2018-04-07T22:48:30.342Z] ----------------------------------------------------------------------
[debug] [2018-04-07T22:48:30.342Z] Command:       C:\Program Files\nodejs\node.exe C:\Users\benge\AppData\Roaming\npm\node_modules\firebase-tools\bin\firebase serve
[debug] [2018-04-07T22:48:30.342Z] CLI Version:   3.18.2
[debug] [2018-04-07T22:48:30.342Z] Platform:      win32
[debug] [2018-04-07T22:48:30.342Z] Node Version:  v6.9.2
[debug] [2018-04-07T22:48:30.357Z] Time:          Sat Apr 07 2018 18:48:30 GMT-0400 (Eastern Daylight Time)
[debug] [2018-04-07T22:48:30.357Z] ----------------------------------------------------------------------
[debug] 
[debug] [2018-04-07T22:48:30.451Z] > command requires scopes: ["email","openid","https://www.googleapis.com/auth/cloudplatformprojects.readonly","https://www.googleapis.com/auth/firebase","https://www.googleapis.com/auth/cloud-platform"]
[debug] [2018-04-07T22:48:30.451Z] > authorizing via signed-in user
[debug] [2018-04-07T22:48:30.467Z] >>> HTTP REQUEST GET https://admin.firebase.com/v1/projects/hgw-greekfeed  
  
 Sat Apr 07 2018 18:48:30 GMT-0400 (Eastern Daylight Time)
[debug] [2018-04-07T22:48:30.854Z] <<< HTTP RESPONSE 200
[debug] [2018-04-07T22:48:30.854Z] >>> HTTP REQUEST GET https://admin.firebase.com/v1/database/hgw-greekfeed/tokens  
  
 Sat Apr 07 2018 18:48:30 GMT-0400 (Eastern Daylight Time)
[debug] [2018-04-07T22:48:31.342Z] <<< HTTP RESPONSE 200
[debug] [2018-04-07T22:48:31.342Z] >>> HTTP REQUEST GET https://cloudresourcemanager.googleapis.com/v1/projects/hgw-greekfeed  
  
 Sat Apr 07 2018 18:48:31 GMT-0400 (Eastern Daylight Time)
[debug] [2018-04-07T22:48:31.529Z] <<< HTTP RESPONSE 200
[info] 
[info] === Serving from 'C:\Users\benge\Desktop\GreekFeeds'...
[info] 
[info] i  functions: Preparing to emulate functions.
[debug] [2018-04-07T22:48:36.736Z] Fetching environment
[debug] [2018-04-07T22:48:36.752Z] >>> HTTP REQUEST GET https://mobilesdk-pa.googleapis.com/v1/projects/366684201737:getServerAppConfig  
  
 Sat Apr 07 2018 18:48:36 GMT-0400 (Eastern Daylight Time)
[debug] [2018-04-07T22:48:36.752Z] >>> HTTP REQUEST GET https://mobilesdk-pa.googleapis.com/v1/projects/366684201737/clients/_:getWebAppConfig  
  
 Sat Apr 07 2018 18:48:36 GMT-0400 (Eastern Daylight Time)
[debug] [2018-04-07T22:48:36.979Z] <<< HTTP RESPONSE 200
[debug] [2018-04-07T22:48:37.100Z] <<< HTTP RESPONSE 200
[debug] [2018-04-07T22:48:37.100Z] Starting @google-cloud/functions-emulator
[info] i  hosting: Serving hosting files from: public
[info] +  hosting: Local server: http://localhost:5000

[warn] !  functions: Error from emulator. Error: Emulator crashed! Check the log file...
[debug] [2018-04-07T22:48:37.728Z] Error: Emulator crashed! Check the log file...
    at ChildProcess.child.on (C:\Users\benge\AppData\Roaming\npm\node_modules\firebase-tools\node_modules\@google-cloud\functions-emulator\src\cli\controller.js:650:24)
    at emitTwo (events.js:106:13)
    at ChildProcess.emit (events.js:191:7)
    at Process.ChildProcess._handle.onexit (internal/child_process.js:215:12)
[debug] [2018-04-07T23:14:23.828Z] ----------------------------------------------------------------------
[debug] [2018-04-07T23:14:23.842Z] Command:       C:\Program Files\nodejs\node.exe C:\Users\benge\AppData\Roaming\npm\node_modules\firebase-tools\bin\firebase serve
[debug] [2018-04-07T23:14:23.844Z] CLI Version:   3.18.2
[debug] [2018-04-07T23:14:23.844Z] Platform:      win32
[debug] [2018-04-07T23:14:23.845Z] Node Version:  v6.9.2
[debug] [2018-04-07T23:14:23.847Z] Time:          Sat Apr 07 2018 19:14:23 GMT-0400 (Eastern Daylight Time)
[debug] [2018-04-07T23:14:23.847Z] ----------------------------------------------------------------------
[debug] 
[debug] [2018-04-07T23:14:23.935Z] > command requires scopes: ["email","openid","https://www.googleapis.com/auth/cloudplatformprojects.readonly","https://www.googleapis.com/auth/firebase","https://www.googleapis.com/auth/cloud-platform"]
[debug] [2018-04-07T23:14:23.937Z] > authorizing via signed-in user
[debug] [2018-04-07T23:14:23.937Z] >>> HTTP REQUEST GET https://admin.firebase.com/v1/projects/hgw-greekfeed  
  
 Sat Apr 07 2018 19:14:23 GMT-0400 (Eastern Daylight Time)
[debug] [2018-04-07T23:14:24.363Z] <<< HTTP RESPONSE 200
[debug] [2018-04-07T23:14:24.378Z] >>> HTTP REQUEST GET https://admin.firebase.com/v1/database/hgw-greekfeed/tokens  
  
 Sat Apr 07 2018 19:14:24 GMT-0400 (Eastern Daylight Time)
[debug] [2018-04-07T23:14:24.729Z] <<< HTTP RESPONSE 200
[debug] [2018-04-07T23:14:24.729Z] >>> HTTP REQUEST GET https://cloudresourcemanager.googleapis.com/v1/projects/hgw-greekfeed  
  
 Sat Apr 07 2018 19:14:24 GMT-0400 (Eastern Daylight Time)
[debug] [2018-04-07T23:14:24.958Z] <<< HTTP RESPONSE 200
[info] 
[info] === Serving from 'C:\Users\benge\Desktop\GreekFeeds'...
[info] 
[info] i  functions: Preparing to emulate functions.
[debug] [2018-04-07T23:14:30.698Z] Fetching environment
[debug] [2018-04-07T23:14:30.718Z] >>> HTTP REQUEST GET https://mobilesdk-pa.googleapis.com/v1/projects/366684201737:getServerAppConfig  
  
 Sat Apr 07 2018 19:14:30 GMT-0400 (Eastern Daylight Time)
[debug] [2018-04-07T23:14:30.722Z] >>> HTTP REQUEST GET https://mobilesdk-pa.googleapis.com/v1/projects/366684201737/clients/_:getWebAppConfig  
  
 Sat Apr 07 2018 19:14:30 GMT-0400 (Eastern Daylight Time)
[debug] [2018-04-07T23:14:30.986Z] <<< HTTP RESPONSE 200
[debug] [2018-04-07T23:14:30.986Z] Starting @google-cloud/functions-emulator
[debug] [2018-04-07T23:14:31.348Z] <<< HTTP RESPONSE 200
[info] i  hosting: Serving hosting files from: public
[info] +  hosting: Local server: http://localhost:5000

[warn] !  functions: Error from emulator. Error: Emulator crashed! Check the log file...
[debug] [2018-04-07T23:14:32.350Z] Error: Emulator crashed! Check the log file...
    at ChildProcess.child.on (C:\Users\benge\AppData\Roaming\npm\node_modules\firebase-tools\node_modules\@google-cloud\functions-emulator\src\cli\controller.js:650:24)
    at emitTwo (events.js:106:13)
    at ChildProcess.emit (events.js:191:7)
    at Process.ChildProcess._handle.onexit (internal/child_process.js:215:12)
